<?xml version="1.0" encoding="UTF-8"?>
<!-- Generated by org.testng.reporters.JUnitReportReporter -->
<testsuite hostname="TYUDM" failures="0" tests="6" name="com.Orange.Education.TestTask" time="9.167" errors="0" timestamp="14 Jul 2020 10:09:16 GMT">
  <testcase classname="com.Orange.Education.TestTask" name="ForgotPassword" time="0.006"/>
  <testcase classname="com.Orange.Education.TestTask" name="CheckTheTitle" time="0.222"/>
  <testcase classname="com.Orange.Education.TestTask" name="JSExecutorTest" time="2.301"/>
  <testcase classname="com.Orange.Education.TestTask" name="CheckTheActiveButton" time="0.283"/>
  <testcase classname="com.Orange.Education.TestTask" name="CorrectLogin" time="4.329"/>
  <testcase classname="com.Orange.Education.TestTask" name="CheckTheText" time="2.026"/>
</testsuite> <!-- com.Orange.Education.TestTask -->
