<?xml version="1.0" encoding="UTF-8"?>
<!-- Generated by org.testng.reporters.JUnitReportReporter -->
<testsuite hostname="TYUDM" failures="0" tests="5" name="com.Orange.Education.RestAssuredTest.ParametersForRestFul" time="4.397" errors="0" timestamp="17 Jul 2020 13:59:15 GMT">
  <testcase classname="com.Orange.Education.RestAssuredTest.ParametersForRestFul" name="requestUSZipCode90210_CheckPlaceNameInResponseBody_ExpectBeverlyHills" time="0.318"/>
  <testcase classname="com.Orange.Education.RestAssuredTest.ParametersForRestFul" name="requestUSZipCode90210_CheckPlaceNameInResponseBody_ExpectBeverlyHills" time="0.298"/>
  <testcase classname="com.Orange.Education.RestAssuredTest.ParametersForRestFul" name="requestUSZipCode90210_CheckPlaceNameInResponseBody_ExpectBeverlyHills" time="0.341"/>
  <testcase classname="com.Orange.Education.RestAssuredTest.ParametersForRestFul" name="TstDataByJsonFile" time="3.163"/>
  <testcase classname="com.Orange.Education.RestAssuredTest.ParametersForRestFul" name="requestUsZipCode90210_extractPlaceNameFromResponseBody_assertEqualToBeverlyHills" time="0.277"/>
</testsuite> <!-- com.Orange.Education.RestAssuredTest.ParametersForRestFul -->
