<?xml version="1.0" encoding="UTF-8"?>
<!-- Generated by org.testng.reporters.JUnitReportReporter -->
<testsuite hostname="TYUDM" failures="0" tests="7" name="com.Orange.Education.TestTask" time="8.306" errors="0" timestamp="17 Jul 2020 05:49:06 GMT">
  <testcase classname="com.Orange.Education.TestTask" name="CheckTheTitle" time="0.254"/>
  <testcase classname="com.Orange.Education.TestTask" name="ForgotPassword" time="0.003"/>
  <testcase classname="com.Orange.Education.TestTask" name="CheckTheActiveButton" time="0.305"/>
  <testcase classname="com.Orange.Education.TestTask" name="CheckErrorByLoginIsDisplayed" time="0.558"/>
  <testcase classname="com.Orange.Education.TestTask" name="JSExecutorTest" time="4.139"/>
  <testcase classname="com.Orange.Education.TestTask" name="CorrectLogin" time="0.752"/>
  <testcase classname="com.Orange.Education.TestTask" name="CheckTheText" time="2.295"/>
</testsuite> <!-- com.Orange.Education.TestTask -->
