<?xml version="1.0" encoding="UTF-8"?>
<!-- Generated by org.testng.reporters.JUnitReportReporter -->
<testsuite hostname="TYUDM" failures="0" tests="2" name="com.Orange.Education.TestTask" time="2.181" errors="0" timestamp="3 Jul 2020 08:55:27 GMT">
  <testcase classname="com.Orange.Education.TestTask" name="CheckTheText" time="1.889"/>
  <testcase classname="com.Orange.Education.TestTask" name="CheckTheTitle" time="0.292"/>
</testsuite> <!-- com.Orange.Education.TestTask -->
