<?xml version="1.0" encoding="UTF-8"?>
<!-- Generated by org.testng.reporters.JUnitReportReporter -->
<testsuite hostname="TYUDM" failures="0" tests="4" name="com.Orange.Education.API.httpsEducation" time="1.069" errors="0" timestamp="9 Jul 2020 08:35:57 GMT">
  <testcase classname="com.Orange.Education.API.httpsEducation" name="HttpGet" time="0.956"/>
  <testcase classname="com.Orange.Education.API.httpsEducation" name="CheckTextByHttpGetRequest" time="0.004"/>
  <testcase classname="com.Orange.Education.API.httpsEducation" name="CheckButtonByHttpGetRequest" time="0.104"/>
  <testcase classname="com.Orange.Education.API.httpsEducation" name="POSTRequest" time="0.005"/>
</testsuite> <!-- com.Orange.Education.API.httpsEducation -->
