<?xml version="1.0" encoding="UTF-8"?>
<!-- Generated by org.testng.reporters.JUnitReportReporter -->
<testsuite hostname="TYUDM" failures="0" tests="1" name="com.Orange.Education.ZeroEffortAutomation.SmartCode" time="2.554" errors="0" timestamp="14 Jul 2020 09:57:19 GMT">
  <testcase classname="com.Orange.Education.ZeroEffortAutomation.SmartCode" name="GetFieldAttributes" time="2.554"/>
</testsuite> <!-- com.Orange.Education.ZeroEffortAutomation.SmartCode -->
