<?xml version="1.0" encoding="UTF-8"?>
<!-- Generated by org.testng.reporters.JUnitReportReporter -->
<testsuite hostname="TYUDM" failures="0" tests="2" name="com.Orange.Education.TestTask" time="2.064" errors="0" timestamp="3 Jul 2020 11:25:05 GMT">
  <testcase classname="com.Orange.Education.TestTask" name="CheckTheText" time="1.763"/>
  <testcase classname="com.Orange.Education.TestTask" name="CheckTheTitle" time="0.301"/>
</testsuite> <!-- com.Orange.Education.TestTask -->
