<?xml version="1.0" encoding="UTF-8"?>
<!-- Generated by org.testng.reporters.JUnitReportReporter -->
<testsuite hostname="TYUDM" failures="0" tests="3" name="com.Orange.Education.AdminPageTest" time="16.325" errors="0" timestamp="13 Jul 2020 11:10:38 GMT">
  <testcase classname="com.Orange.Education.AdminPageTest" name="AddNewUser" time="10.610"/>
  <testcase classname="com.Orange.Education.AdminPageTest" name="CorrectLogin" time="4.929"/>
  <testcase classname="com.Orange.Education.AdminPageTest" name="VerifyNewUser" time="0.786"/>
</testsuite> <!-- com.Orange.Education.AdminPageTest -->
