<?xml version="1.0" encoding="UTF-8"?>
<!-- Generated by org.testng.reporters.JUnitReportReporter -->
<testsuite hostname="TYUDM" failures="0" tests="1" name="com.Orange.Education.ParametersExampleXML" time="6.961" errors="0" timestamp="15 Jul 2020 10:11:43 GMT">
  <testcase classname="com.Orange.Education.ParametersExampleXML" name="logIn" time="6.961"/>
</testsuite> <!-- com.Orange.Education.ParametersExampleXML -->
