<?xml version="1.0" encoding="UTF-8"?>
<!-- Generated by org.testng.reporters.JUnitReportReporter -->
<testsuite hostname="TYUDM" failures="0" tests="3" name="com.Orange.Education.httpsEducation" time="0.998" errors="0" timestamp="8 Jul 2020 13:48:44 GMT">
  <testcase classname="com.Orange.Education.httpsEducation" name="CheckTextByHttpGetRequest" time="0.003"/>
  <testcase classname="com.Orange.Education.httpsEducation" name="HttpGet" time="0.892"/>
  <testcase classname="com.Orange.Education.httpsEducation" name="CheckButtonByHttpGetRequest" time="0.103"/>
</testsuite> <!-- com.Orange.Education.httpsEducation -->
